This is LuaTeX, Version beta-0.70.1-2011120612  (format=lualatex 2012.9.9)  27 OCT 2012 08:08
**main-o-vis-eternitatis.tex
(./main-o-vis-eternitatis.tex
LaTeX2e <2009/09/24>
Babel <v3.8l> and hyphenation patterns for english, usenglishmax, dumylang, noh
yphenation, loaded.
(/usr/share/texmf-texlive/tex/latex/base/article.cls
Document Class: article 2007/10/19 v1.4h Standard LaTeX document class
(/usr/share/texmf-texlive/tex/latex/base/size11.clo
File: size11.clo 2007/10/19 v1.4h Standard LaTeX file (size option)
)
\c@part=\count79
\c@section=\count80
\c@subsection=\count81
\c@subsubsection=\count82
\c@paragraph=\count83
\c@subparagraph=\count84
\c@figure=\count85
\c@table=\count86
\abovecaptionskip=\skip41
\belowcaptionskip=\skip42
\bibindent=\dimen102
)
(/usr/share/texmf-texlive/tex/luatex/luatextra/luatextra.sty
(/usr/share/texmf-texlive/tex/generic/oberdiek/ifluatex.sty
Package: ifluatex 2009/04/17 v1.2 Provides the ifluatex switch (HO)
Package ifluatex Info: LuaTeX detected.
)
Package: luatextra 2009/12/16 v0.95 LuaTeX extra low-level macros

(/usr/share/texmf-texlive/tex/latex/etex-pkg/etex.sty
Package: etex 1998/03/26 v2.0 eTeX basic definition package (PEB)
\et@xins=\count87
)
(/usr/share/texmf-texlive/tex/latex/environ/environ.sty
Package: environ 2008/06/18 v0.2 A new way to define environments
\@emptytoks=\toks14
\@envbody=\toks15
)
(/usr/share/texmf-texlive/tex/luatex/luatextra/luatextra-latex.tex)
(/usr/share/texmf-texlive/tex/luatex/luatextra/luatextra.lua
(/usr/share/texmf-texlive/tex/luatex/luatextra/luaextra.lua
Lua module: luaextra 2009/04/15 v0.91 Lua additional functions.
)
(/usr/share/texmf-texlive/tex/luatex/luatextra/luamcallbacks.lua
Lua module: luamcallbacks 2009/09/18 v0.93 Module to register several functions
 in a callback.
)
luamcallbacks: inserting function 'luatextra.open_read_file' at position 1 in c
allback list for 'open_read_file'
\luatexattdefcounter=\count277
\luatexcatcodetabledefcounter=\count278
\CatcodeTableIniTeX=\catcodetable2
\CatcodeTableString=\catcodetable3
\CatcodeTableOther=\catcodetable4
\CatcodeTableLaTeX=\catcodetable5
\CatcodeTableLaTeXAtLetter=\catcodetable6
\CatcodeTableExpl=\catcodetable7

(/usr/share/texmf-texlive/tex/luatex/luaotfload/luaotfload.sty
Package: luaotfload 2009/09/22 v1.04 ConTeXt font loading system
\otfl@state=\luatexattribute2
\otfl@markbase=\luatexattribute3
\otfl@markdone=\luatexattribute4
\otfl@markmark=\luatexattribute5
\otfl@cursbase=\luatexattribute6
\otfl@curscurs=\luatexattribute7
\otfl@cursdone=\luatexattribute8
\otfl@kernpair=\luatexattribute9
\otfl@color=\luatexattribute10

(/usr/share/texmf-texlive/tex/luatex/luaotfload/luaotfload.lua
Lua module: luaotfload 2009/09/22 v1.04 ConTeXt font loading system.
!
! Attribute 0 is reserved for ConTeXt's font feature management and has to be
! set to zero. Also, some attributes in the range 1-255 are used for special
! purposed so setting them at the TeX end might break the font handler.
!)
luamcallbacks: inserting function 'luaotfload.pre_linebreak_filter' at position
 1 in callback list for 'pre_linebreak_filter'
luamcallbacks: inserting function 'luaotfload.hpack_filter' at position 1 in ca
llback list for 'hpack_filter'
luamcallbacks: inserting function 'luaotfload.define_font' at position 1 in cal
lback list for 'define_font'
luamcallbacks: inserting function 'luaotfload.find_vf_file' at position 1 in ca
llback list for 'find_vf_file'))
(/usr/share/texmf-texlive/tex/latex/graphics/graphicx.sty
Package: graphicx 1999/02/16 v1.0f Enhanced LaTeX Graphics (DPC,SPQR)

(/usr/share/texmf-texlive/tex/latex/graphics/keyval.sty
Package: keyval 1999/03/16 v1.13 key=value parser (DPC)
\KV@toks@=\toks16
)
(/usr/share/texmf-texlive/tex/latex/graphics/graphics.sty
Package: graphics 2009/02/05 v1.0o Standard LaTeX Graphics (DPC,SPQR)

(/usr/share/texmf-texlive/tex/latex/graphics/trig.sty
Package: trig 1999/03/16 v1.09 sin cos tan (DPC)
)
(/etc/texmf/tex/latex/config/graphics.cfg
File: graphics.cfg 2009/08/28 v1.8 graphics configuration of TeX Live
)
Package graphics Info: Driver file: pdftex.def on input line 91.

(/usr/share/texmf-texlive/tex/latex/pdftex-def/pdftex.def
File: pdftex.def 2010/03/12 v0.04p Graphics/color for pdfTeX

(/usr/share/texmf-texlive/tex/generic/oberdiek/pdftexcmds.sty
Package: pdftexcmds 2009/09/23 v0.6 LuaTeX support for pdfTeX utility functions
 (HO)

(/usr/share/texmf-texlive/tex/generic/oberdiek/infwarerr.sty
Package: infwarerr 2007/09/09 v1.2 Providing info/warning/message (HO)
)
(/usr/share/texmf-texlive/tex/generic/oberdiek/ltxcmds.sty
Package: ltxcmds 2009/08/05 v1.0 Some LaTeX kernel commands for general use (HO
)
)
Package pdftexcmds Info: \pdf@primitive is available.
Package pdftexcmds Info: \pdf@ifprimitive is available.

(/usr/share/texmf-texlive/tex/generic/oberdiek/luatex-loader.sty
Package: luatex-loader 2009/04/10 v0.2 Lua module loader (HO)

(/usr/share/texmf-texlive/scripts/oberdiek/oberdiek.luatex.lua))
(/usr/share/texmf-texlive/scripts/oberdiek/oberdiek.pdftexcmds.lua)
\pdftexcmds@toks=\toks17
)
\Gread@gobject=\count279
))
\Gin@req@height=\dimen256
\Gin@req@width=\dimen257
)
(/usr/share/texmf-texlive/tex/latex/geometry/geometry.sty
Package: geometry 2008/12/21 v4.2 Page Geometry

(/usr/share/texmf-texlive/tex/generic/oberdiek/ifpdf.sty
Package: ifpdf 2009/04/10 v2.0 Provides the ifpdf switch (HO)
Package ifpdf Info: pdfTeX in pdf mode detected.
)
(/usr/share/texmf-texlive/tex/generic/oberdiek/ifvtex.sty
Package: ifvtex 2008/11/04 v1.4 Switches for detecting VTeX and its modes (HO)
Package ifvtex Info: VTeX not detected.
)
\Gm@cnth=\count280
\Gm@cntv=\count281
\c@Gm@tempcnt=\count282
\Gm@bindingoffset=\dimen258
\Gm@wd@mp=\dimen259
\Gm@odd@mp=\dimen260
\Gm@even@mp=\dimen261
\Gm@dimlist=\toks18
)
(/usr/share/texmf/tex/latex/gregoriotex/gregoriotex.sty
Package: gregoriotex 2010/09/27 v2.1 GregorioTeX system.

(/usr/share/texmf/tex/latex/xcolor/xcolor.sty
Package: xcolor 2007/01/21 v2.11 LaTeX color extensions (UK)

(/etc/texmf/tex/latex/config/color.cfg
File: color.cfg 2007/01/18 v1.5 color configuration of teTeX/TeXLive
)
Package xcolor Info: Driver file: pdftex.def on input line 225.
Package xcolor Info: Model `cmy' substituted by `cmy0' on input line 1337.
Package xcolor Info: Model `hsb' substituted by `rgb' on input line 1341.
Package xcolor Info: Model `RGB' extended on input line 1353.
Package xcolor Info: Model `HTML' substituted by `rgb' on input line 1355.
Package xcolor Info: Model `Hsb' substituted by `hsb' on input line 1356.
Package xcolor Info: Model `tHsb' substituted by `hsb' on input line 1357.
Package xcolor Info: Model `HSB' substituted by `hsb' on input line 1358.
Package xcolor Info: Model `Gray' substituted by `gray' on input line 1359.
Package xcolor Info: Model `wave' substituted by `hsb' on input line 1360.
)
(/usr/share/texmf/tex/gregoriotex/gregoriotex.tex
\gregorioattr=\luatexattribute11

(/usr/share/texmf/tex/gregoriotex/gregoriotex.lua
Lua module: gregoriotex 2010/09/27 v2.10 GregorioTeX module.
)
\Greaux=\write3
\grefactor=\count283

(/usr/share/texmf/tex/gregoriotex/gregoriotex-spaces.tex
\greadditionallineswidth=\skip256
\grezerowidthspace=\skip257
\greinterglyphspace=\skip258
\grealterationspace=\skip259
\grebeforechoralsignspace=\skip260
\greclefflatspace=\skip261
\grebeforealterationspace=\skip262
\greinterelementspace=\skip263
\grelargerspace=\skip264
\greglyphspace=\skip265
\greintersyllablespace=\skip266
\grespacebeforecusto=\skip267
\grespacebeforesigns=\skip268
\grespaceaftersigns=\skip269
\grespaceafterlineclef=\skip270
\greinterwordspacenotes=\skip271
\greinterwordspacenotestext=\skip272
\greinterwordspacetextnotes=\skip273
\greinterwordspacetext=\skip274
\grebitrivirspace=\skip275
\grebitristrospace=\skip276
\grepunctuminclinatumshift=\skip277
\grebeforepunctainclinatashift=\skip278
\grepunctuminclinatumanddebilisshift=\skip279
\grepunctuminclinatumdebilisshift=\skip280
\grepunctuminclinatumbigshift=\skip281
\grepunctuminclinatummaxshift=\skip282
\grespacearoundsmallbar=\skip283
\grespacearoundminor=\skip284
\grespacearoundmaior=\skip285
\grespacearoundfinalis=\skip286
\grespacebeforefinalfinalis=\skip287
\grespacearoundclefbars=\skip288
\gretextbartextspace=\skip289
\grenotebarspace=\skip290
\gremaximumspacewithoutdash=\dimen262
\greafterclefnospace=\skip291
\greadditionallineswidth=\dimen263
\greafterinitialshift=\skip292
\grebeforeinitialshift=\skip293
\greminimalspaceatlinebeginning=\dimen264
\greaboveinitialseparation=\dimen265
\grestafflineheight=\dimen266
\greinterstafflinespace=\dimen267
\grestafflinediff=\dimen268
\greabovesignsspace=\dimen269
\grebelowsignsspace=\dimen270
\grelowchoralsignshift=\dimen271
\grehighchoralsignshift=\dimen272
\gretranslationheight=\dimen273
\grespaceabovelines=\skip294
\greabovelinestextraise=\dimen274
\greabovelinestextheight=\dimen275
\grespacelinestext=\skip295
\grespacebeneathtext=\skip296
\greconstantglyphraise=\dimen276
\grestaffheight=\dimen277
\greclefchangespace=\skip297
\grenoclefspace=\dimen278
\grebraceshift=\skip298
\grecurlybraceaccentusshift=\skip299

(/usr/share/texmf/tex/gregoriotex/gsp-default.tex))
\grestafflinewidth=\dimen279
\grelinewidth=\dimen280
\grecurrenttranslationheight=\dimen281
\greadditionalbottomspace=\dimen282
\greadditionaltopspace=\dimen283
\gretextlower=\dimen284
\GreTempwidth=\box256
\gretempwidth=\dimen285
\gretextaligncenter=\dimen286
\gregoriotextdashwidth=\dimen287
\greadditionalleftspace=\dimen288
\GreInitial=\box257
\greinitialwidth=\dimen289
\grebiginitial=\count284
\greknownline=\count285
\GreAboveinitialfirstbox=\box258
\greaboveinitialfirstraise=\dimen290
\GreAboveinitialsecondbox=\box259
\greaboveinitialsecondraise=\dimen291
\grecurrentabovelinestextheight=\dimen292
\GreLines=\box260

(/usr/share/texmf/tex/gregoriotex/gregoriotex-signs.tex
\greclefnum=\count286
\greclefwidth=\dimen293
\GreTempsign=\box261
\gretempdimsignwidth=\dimen294
\gretempdimtwo=\dimen295
\keeprightbox=\count287
\grefirstisalteration=\count288
)
(/usr/share/texmf/tex/gregoriotex/gregoriotex-syllable.tex
\greglyphraisevalue=\dimen296
\greaddedraisevalue=\dimen297
\gretempdimcount=\count289
\greisonaline=\count290
\grefirstglyph=\count291
\grelastglyphwidth=\dimen298
\grenotesaligncenter=\dimen299
\GreSyllablenotes=\box262
\greenddifference=\dimen300
\grepreviousenddifference=\dimen301
\grebegindifference=\dimen302
\gretempdim=\dimen303
\GreSyllabletext=\box263
\grefirstsyllableofword=\count292
\greendofscore=\count293
\greskipone=\skip300
\grenextbegindifference=\skip301
\gretempdimskip=\skip302
)
\printchirovbars=\count294
\grelastoflinecount=\count295
\greblockcusto=\count296

(/usr/share/texmf/tex/gregoriotex/gregoriotex-symbols.tex
\gretempfactor=\count297
)))
(/usr/share/texmf-texlive/tex/latex/preprint/fullpage.sty
Package: fullpage 1999/02/23 1.1 (PWD)
\FP@margin=\skip303
)
(/usr/share/texmf-texlive/tex/generic/babel/babel.sty
Package: babel 2008/07/06 v3.8l The Babel package

(/usr/share/texmf-texlive/tex/generic/babel/latin.ldf
File: latin.ldf 2008/07/06 v2.0l Latin support from the babel system

(/usr/share/texmf-texlive/tex/generic/babel/babel.def
File: babel.def 2008/07/06 v3.8l Babel common definitions
\babel@savecnt=\count298
\U@D=\dimen304
)

Package babel Warning: No hyphenation patterns were loaded for
(babel)                the language `Latin'
(babel)                I will use the patterns loaded for \language=0 instead.

\l@latin = a dialect from \language0
Package babel Info: Making " an active character on input line 188.
)) (/usr/share/texmf-texlive/tex/latex/base/fontenc.sty
Package: fontenc 2005/09/27 v1.99g Standard LaTeX package

(/usr/share/texmf-texlive/tex/latex/base/t1enc.def
File: t1enc.def 2005/09/27 v1.99g Standard LaTeX file
LaTeX Font Info:    Redeclaring font encoding T1 on input line 43.
))
(/usr/share/texmf-texlive/tex/lualatex/luainputenc/luainputenc.sty
Package: luainputenc 2009/11/20 v0.95 inputenc package for LuaTeX

(/usr/share/texmf-texlive/tex/generic/ifxetex/ifxetex.sty
Package: ifxetex 2009/01/23 v0.5 Provides ifxetex conditional
)
(/usr/share/texmf-texlive/tex/lualatex/luainputenc/luainputenc.lua
Lua module: luainputenc 2009/11/20 v0.95 Lua simple inputenc package.
)
\inpenc@prehook=\toks19
\inpenc@posthook=\toks20

(/usr/share/texmf-texlive/tex/lualatex/luainputenc/lutf8.def
File: lutf8.def 2009/11/20 v0.95 UTF-8 support for luainputenc
Now handling font encoding OML ...
... no UTF-8 mapping file for font encoding OML
Now handling font encoding T1 ...
... processing UTF-8 mapping file for font encodingT1

(/usr/share/texmf-texlive/tex/latex/base/t1enc.dfu
File: t1enc.dfu 2008/04/05 v1.1m UTF-8 support for inputenc
)
Now handling font encoding OT1 ...
... processing UTF-8 mapping file for font encodingOT1

(/usr/share/texmf-texlive/tex/latex/base/ot1enc.dfu
File: ot1enc.dfu 2008/04/05 v1.1m UTF-8 support for inputenc
)
Now handling font encoding OMS ...
... processing UTF-8 mapping file for font encodingOMS

(/usr/share/texmf-texlive/tex/latex/base/omsenc.dfu
File: omsenc.dfu 2008/04/05 v1.1m UTF-8 support for inputenc
)
Now handling font encoding OMX ...
... no UTF-8 mapping file for font encoding OMX
Now handling font encoding U ...
... no UTF-8 mapping file for font encoding U
))
(/usr/share/texmf-texlive/tex/latex/psnfss/palatino.sty
Package: palatino 2005/04/12 PSNFSS-v9.2a (SPQR) 
)
(./main-o-vis-eternitatis.aux)
LaTeX Font Info:    Checking defaults for OML/cmm/m/it on input line 29.
LaTeX Font Info:    ... okay on input line 29.
LaTeX Font Info:    Checking defaults for T1/cmr/m/n on input line 29.
LaTeX Font Info:    ... okay on input line 29.
LaTeX Font Info:    Checking defaults for OT1/cmr/m/n on input line 29.
LaTeX Font Info:    ... okay on input line 29.
LaTeX Font Info:    Checking defaults for OMS/cmsy/m/n on input line 29.
LaTeX Font Info:    ... okay on input line 29.
LaTeX Font Info:    Checking defaults for OMX/cmex/m/n on input line 29.
LaTeX Font Info:    ... okay on input line 29.
LaTeX Font Info:    Checking defaults for U/cmr/m/n on input line 29.
LaTeX Font Info:    ... okay on input line 29.
LaTeX Font Info:    Try loading font information for T1+ppl on input line 29.

(/usr/share/texmf-texlive/tex/latex/psnfss/t1ppl.fd
File: t1ppl.fd 2001/06/04 font definitions for T1/ppl.
)
checksum mismatch in font pplr8t.vf ignored 
(/usr/share/texmf-texlive/tex/context/base/supp-pdf.mkii
[Loading MPS to PDF converter (version 2006.09.02).]
\scratchcounter=\count299
\scratchdimen=\dimen305
\scratchbox=\box264
\nofMPsegments=\count300
\nofMParguments=\count301
\everyMPshowfont=\toks21
\MPscratchCnt=\count302
\MPscratchDim=\dimen306
\MPnumerator=\count303
\everyMPtoPDFconversion=\toks22
)
*geometry auto-detecting driver*
*geometry detected driver: pdftex*
-------------------- Geometry parameters
paper: a4paper
landscape: --
twocolumn: --
twoside: --
asymmetric: --
h-parts: 89.62709pt, 0.7\paperwidth , 89.6271pt (default)
v-parts: 101.40665pt, 0.7\paperheight , 152.11pt (default)
hmarginratio: 1:1
vmarginratio: 2:3
lines: --
heightrounded: --
bindingoffset: 0.0pt
truedimen: --
includehead: --
includefoot: --
includemp: --
driver: pdftex
-------------------- Page layout dimensions and switches
\paperwidth  597.50787pt
\paperheight 845.04684pt
\textwidth  452.9679pt
\textheight 670.50687pt
\oddsidemargin  0.0pt
\evensidemargin 0.0pt
\topmargin  0.0pt
\headheight 0.0pt
\headsep    0.0pt
\footskip   30.0pt
\marginparwidth 59.0pt
\marginparsep   10.0pt
\columnsep  10.0pt
\skip\footins  10.0pt plus 4.0pt minus 2.0pt
\hoffset 0.0pt
\voffset 0.0pt
\mag 1000

(1in=72.27pt, 1cm=28.45pt)
-----------------------
checksum mismatch in font pplr8t.vf ignored 
checksum mismatch in font greciliae.ofm.vf ignored 
checksum mismatch in font pplr8t.vf ignored 
LaTeX Font Info:    Font shape `T1/ppl/bx/sc' in size <10> not available
(Font)              Font shape `T1/ppl/b/sc' tried instead on input line 48.

checksum mismatch in font pplbc8t.vf ignored 
checksum mismatch in font pplri8t.vf ignored  (./o-vis-eternitatis.tex
luamcallbacks: inserting function 'gregoriotex.callback' at position 1 in callb
ack list for 'post_linebreak_filter'
checksum mismatch in font pplr8t.vf ignored 
luamcallbacks: removing function 'gregoriotex.callback' from 'post_linebreak_fi
lter') [1

{/var/lib/texmf/fonts/map/pdftex/updmap/pdftex.map}] (./main-o-vis-eternitatis.
aux) )

Here is how much of LuaTeX's memory you used:
 3552 strings out of 495130
 156262,128383 words of node,token memory allocated
 109986 words of node memory still in use:
   3741 hlist, 618 vlist, 2508 rule, 1 disc, 6204 glue, 2540 kern, 15 penalty, 
1236 glyph, 2591 attribute, 90 glue_spec, 1299 attribute_list, 1 write, 1 dir, 
1 late_lua nodes
   avail lists: 2:2462,3:906,4:517,5:1206,6:1129,7:177,9:603,10:28
 6718 multiletter control sequences out of 65536+50000
 44 fonts using 3397767 bytes
 35i,5n,37p,646b,138s stack positions out of 5000i,500n,10000p,200000b,50000s
{/usr/share/texmf-texlive/fonts/enc/dvips/base/8r.enc}</usr/share/texmf/fonts/t
ype1/public/gregoriotex/greciliae/greciliae-0.pfb></usr/share/texmf/fonts/type1
/public/gregoriotex/greciliae/greciliae-1.pfb></usr/share/texmf/fonts/type1/pub
lic/gregoriotex/greciliae/greciliae-2.pfb></usr/share/texmf/fonts/type1/public/
gregoriotex/greciliae/greciliae-3.pfb></usr/share/texmf/fonts/type1/public/greg
oriotex/greciliae/greciliae-6.pfb></usr/share/texmf/fonts/type1/public/gregorio
tex/gresym/gresym.pfb></usr/share/texmf-texlive/fonts/type1/urw/palatino/uplb8a
.pfb></usr/share/texmf-texlive/fonts/type1/urw/palatino/uplr8a.pfb></usr/share/
texmf-texlive/fonts/type1/urw/palatino/uplri8a.pfb>
Output written on main-o-vis-eternitatis.pdf (1 page, 153904 bytes).

PDF statistics: 43 PDF objects out of 1000 (max. 8388607)
 0 named destinations out of 1000 (max. 131072)
 1 words of extra memory for PDF output out of 10000 (max. 10000000)

